<?xml version="1.0" encoding="UTF-8"?>
<testsuite xmlns:xsi="http://www.w3.org/2001/XMLSchema-instance" xsi:noNamespaceSchemaLocation="https://maven.apache.org/surefire/maven-surefire-plugin/xsd/surefire-test-report-3.0.xsd" version="3.0" name="com.papeleria.app.PapeleriaApplicationTests" time="11.464" tests="1" errors="0" skipped="0" failures="0">
  <properties>
[...]
</properties>
  <testcase name="contextLoads" classname="com.papeleria.app.PapeleriaApplicationTests" time="3.147">
    <system-out><![CDATA[14:57:35.869 [main] INFO org.springframework.test.context.support.AnnotationConfigContextLoaderUtils -- Could not detect default configuration classes for test class [com.papeleria.app.PapeleriaApplicationTests]: PapeleriaApplicationTests does not declare any static, non-private, non-final, nested classes annotated with @Configuration.
14:57:36.135 [main] INFO org.springframework.boot.test.context.SpringBootTestContextBootstrapper -- Found @SpringBootConfiguration com.papeleria.app.PapeleriaApplication for test class com.papeleria.app.PapeleriaApplicationTests

  .   ____          _            __ _ _
 /\\ / ___'_ __ _ _(_)_ __  __ _ \ \ \ \
( ( )\___ | '_ | '_| | '_ \/ _` | \ \ \ \
 \\/  ___)| |_)| | | | | || (_| |  ) ) ) )
  '  |____| .__|_| |_|_| |_\__, | / / / /
 =========|_|==============|___/=/_/_/_/
 :: Spring Boot ::                (v3.1.4)

2024-06-02T14:57:37.221-05:00  INFO 8316 --- [           main] c.p.app.PapeleriaApplicationTests        : Starting PapeleriaApplicationTests using Java 17.0.11 with PID 8316 (started by BRAYAN MORENO in C:\Users\BRAYAN MORENO\Pictures\Papeleria)
2024-06-02T14:57:37.224-05:00  INFO 8316 --- [           main] c.p.app.PapeleriaApplicationTests        : No active profile set, falling back to 1 default profile: "default"
2024-06-02T14:57:39.095-05:00  INFO 8316 --- [           main] .s.d.r.c.RepositoryConfigurationDelegate : Bootstrapping Spring Data MongoDB repositories in DEFAULT mode.
2024-06-02T14:57:39.230-05:00  INFO 8316 --- [           main] .s.d.r.c.RepositoryConfigurationDelegate : Finished Spring Data repository scanning in 125 ms. Found 3 MongoDB repository interfaces.
2024-06-02T14:57:40.550-05:00  INFO 8316 --- [           main] org.mongodb.driver.client                : MongoClient with metadata {"driver": {"name": "mongo-java-driver|sync|spring-boot", "version": "4.9.1"}, "os": {"type": "Windows", "name": "Windows 10", "architecture": "amd64", "version": "10.0"}, "platform": "Java/Eclipse Adoptium/17.0.11+9"} created with settings MongoClientSettings{readPreference=primary, writeConcern=WriteConcern{w=null, wTimeout=null ms, journal=null}, retryWrites=true, retryReads=true, readConcern=ReadConcern{level=null}, credential=MongoCredential{mechanism=null, userName='mosoto231242', source='admin', password=<hidden>, mechanismProperties=<hidden>}, streamFactoryFactory=null, commandListeners=[], codecRegistry=ProvidersCodecRegistry{codecProviders=[ValueCodecProvider{}, BsonValueCodecProvider{}, DBRefCodecProvider{}, DBObjectCodecProvider{}, DocumentCodecProvider{}, CollectionCodecProvider{}, IterableCodecProvider{}, MapCodecProvider{}, GeoJsonCodecProvider{}, GridFSFileCodecProvider{}, Jsr310CodecProvider{}, JsonObjectCodecProvider{}, BsonCodecProvider{}, EnumCodecProvider{}, com.mongodb.client.model.mql.ExpressionCodecProvider@2291d9a0, com.mongodb.Jep395RecordCodecProvider@5e26f1ed]}, loggerSettings=LoggerSettings{maxDocumentLength=1000}, clusterSettings={hosts=[127.0.0.1:27017], srvHost=cluster0.ips1xdr.mongodb.net, srvServiceName=mongodb, mode=MULTIPLE, requiredClusterType=REPLICA_SET, requiredReplicaSetName='atlas-rtxqw0-shard-0', serverSelector='null', clusterListeners='[]', serverSelectionTimeout='30000 ms', localThreshold='30000 ms'}, socketSettings=SocketSettings{connectTimeoutMS=10000, readTimeoutMS=0, receiveBufferSize=0, sendBufferSize=0}, heartbeatSocketSettings=SocketSettings{connectTimeoutMS=10000, readTimeoutMS=10000, receiveBufferSize=0, sendBufferSize=0}, connectionPoolSettings=ConnectionPoolSettings{maxSize=100, minSize=0, maxWaitTimeMS=120000, maxConnectionLifeTimeMS=0, maxConnectionIdleTimeMS=0, maintenanceInitialDelayMS=0, maintenanceFrequencyMS=60000, connectionPoolListeners=[], maxConnecting=2}, serverSettings=ServerSettings{heartbeatFrequencyMS=10000, minHeartbeatFrequencyMS=500, serverListeners='[]', serverMonitorListeners='[]'}, sslSettings=SslSettings{enabled=true, invalidHostNameAllowed=false, context=null}, applicationName='null', compressorList=[], uuidRepresentation=JAVA_LEGACY, serverApi=null, autoEncryptionSettings=null, contextProvider=null}
2024-06-02T14:57:40.591-05:00  INFO 8316 --- [xdr.mongodb.net] org.mongodb.driver.cluster               : Adding discovered server ac-uemsjmr-shard-00-00.ips1xdr.mongodb.net:27017 to client view of cluster
2024-06-02T14:57:40.643-05:00  INFO 8316 --- [xdr.mongodb.net] org.mongodb.driver.cluster               : Adding discovered server ac-uemsjmr-shard-00-01.ips1xdr.mongodb.net:27017 to client view of cluster
2024-06-02T14:57:40.644-05:00  INFO 8316 --- [xdr.mongodb.net] org.mongodb.driver.cluster               : Adding discovered server ac-uemsjmr-shard-00-02.ips1xdr.mongodb.net:27017 to client view of cluster
2024-06-02T14:57:42.281-05:00  INFO 8316 --- [ngodb.net:27017] org.mongodb.driver.cluster               : Monitor thread successfully connected to server with description ServerDescription{address=ac-uemsjmr-shard-00-00.ips1xdr.mongodb.net:27017, type=REPLICA_SET_SECONDARY, state=CONNECTED, ok=true, minWireVersion=0, maxWireVersion=21, maxDocumentSize=16777216, logicalSessionTimeoutMinutes=30, roundTripTimeNanos=947520900, setName='atlas-rtxqw0-shard-0', canonicalAddress=ac-uemsjmr-shard-00-00.ips1xdr.mongodb.net:27017, hosts=[ac-uemsjmr-shard-00-00.ips1xdr.mongodb.net:27017, ac-uemsjmr-shard-00-01.ips1xdr.mongodb.net:27017, ac-uemsjmr-shard-00-02.ips1xdr.mongodb.net:27017], passives=[], arbiters=[], primary='ac-uemsjmr-shard-00-01.ips1xdr.mongodb.net:27017', tagSet=TagSet{[Tag{name='availabilityZone', value='use1-az4'}, Tag{name='diskState', value='READY'}, Tag{name='nodeType', value='ELECTABLE'}, Tag{name='provider', value='AWS'}, Tag{name='region', value='US_EAST_1'}, Tag{name='workloadType', value='OPERATIONAL'}]}, electionId=null, setVersion=54, topologyVersion=TopologyVersion{processId=665cb9fde6c68be6e7b2c3cf, counter=4}, lastWriteDate=Sun Jun 02 14:57:42 COT 2024, lastUpdateTimeNanos=11905280703600}
2024-06-02T14:57:42.281-05:00  INFO 8316 --- [ngodb.net:27017] org.mongodb.driver.cluster               : Monitor thread successfully connected to server with description ServerDescription{address=ac-uemsjmr-shard-00-02.ips1xdr.mongodb.net:27017, type=REPLICA_SET_SECONDARY, state=CONNECTED, ok=true, minWireVersion=0, maxWireVersion=21, maxDocumentSize=16777216, logicalSessionTimeoutMinutes=30, roundTripTimeNanos=949189300, setName='atlas-rtxqw0-shard-0', canonicalAddress=ac-uemsjmr-shard-00-02.ips1xdr.mongodb.net:27017, hosts=[ac-uemsjmr-shard-00-00.ips1xdr.mongodb.net:27017, ac-uemsjmr-shard-00-01.ips1xdr.mongodb.net:27017, ac-uemsjmr-shard-00-02.ips1xdr.mongodb.net:27017], passives=[], arbiters=[], primary='ac-uemsjmr-shard-00-01.ips1xdr.mongodb.net:27017', tagSet=TagSet{[Tag{name='availabilityZone', value='use1-az1'}, Tag{name='diskState', value='READY'}, Tag{name='nodeType', value='ELECTABLE'}, Tag{name='provider', value='AWS'}, Tag{name='region', value='US_EAST_1'}, Tag{name='workloadType', value='OPERATIONAL'}]}, electionId=null, setVersion=54, topologyVersion=TopologyVersion{processId=665cbb487d97a4225c1b2dbc, counter=3}, lastWriteDate=Sun Jun 02 14:57:42 COT 2024, lastUpdateTimeNanos=11905281739200}
2024-06-02T14:57:42.281-05:00  INFO 8316 --- [ngodb.net:27017] org.mongodb.driver.cluster               : Monitor thread successfully connected to server with description ServerDescription{address=ac-uemsjmr-shard-00-01.ips1xdr.mongodb.net:27017, type=REPLICA_SET_PRIMARY, state=CONNECTED, ok=true, minWireVersion=0, maxWireVersion=21, maxDocumentSize=16777216, logicalSessionTimeoutMinutes=30, roundTripTimeNanos=948971400, setName='atlas-rtxqw0-shard-0', canonicalAddress=ac-uemsjmr-shard-00-01.ips1xdr.mongodb.net:27017, hosts=[ac-uemsjmr-shard-00-00.ips1xdr.mongodb.net:27017, ac-uemsjmr-shard-00-01.ips1xdr.mongodb.net:27017, ac-uemsjmr-shard-00-02.ips1xdr.mongodb.net:27017], passives=[], arbiters=[], primary='ac-uemsjmr-shard-00-01.ips1xdr.mongodb.net:27017', tagSet=TagSet{[Tag{name='availabilityZone', value='use1-az6'}, Tag{name='diskState', value='READY'}, Tag{name='nodeType', value='ELECTABLE'}, Tag{name='provider', value='AWS'}, Tag{name='region', value='US_EAST_1'}, Tag{name='workloadType', value='OPERATIONAL'}]}, electionId=7fffffff00000000000001bb, setVersion=54, topologyVersion=TopologyVersion{processId=665cb9000d03b222130640fa, counter=6}, lastWriteDate=Sun Jun 02 14:57:42 COT 2024, lastUpdateTimeNanos=11905282145900}
2024-06-02T14:57:42.297-05:00  INFO 8316 --- [ngodb.net:27017] org.mongodb.driver.cluster               : Discovered replica set primary ac-uemsjmr-shard-00-01.ips1xdr.mongodb.net:27017 with max election id 7fffffff00000000000001bb and max set version 54
2024-06-02T14:57:43.003-05:00  INFO 8316 --- [           main] o.s.b.a.w.s.WelcomePageHandlerMapping    : Adding welcome page template: index
2024-06-02T14:57:43.574-05:00  INFO 8316 --- [           main] c.p.app.PapeleriaApplicationTests        : Started PapeleriaApplicationTests in 6.998 seconds (process running for 10.246)
]]></system-out>
  </testcase>
</testsuite>